# JRE version: OpenJDK Runtime Environment Corretto-11.0.11.9.1 (11.0.11+9) (build 11.0.11+9-LTS)
# Java VM: OpenJDK 64-Bit Server VM Corretto-11.0.11.9.1 (11.0.11+9-LTS, mixed mode, tiered, compressed oops, g1 gc, linux-amd64)
Heap:
 garbage-first heap   total 92160K, used 10114K [0x00000000a6400000, 0x0000000100000000)
  region size 1024K, 5 young (5120K), 3 survivors (3072K)
 Metaspace       used 20850K, capacity 21419K, committed 21884K, reserved 1069056K
  class space    used 2246K, capacity 2451K, committed 2560K, reserved 1048576K
GC Heap History (8 events):
Event: 1,551 GC heap before
{Heap before GC invocations=0 (full 0):
 garbage-first heap   total 92160K, used 14336K [0x00000000a6400000, 0x0000000100000000)
  region size 1024K, 14 young (14336K), 0 survivors (0K)
 Metaspace       used 9535K, capacity 9762K, committed 9984K, reserved 1058816K
  class space    used 865K, capacity 910K, committed 1024K, reserved 1048576K
}
Event: 1,574 GC heap after
{Heap after GC invocations=1 (full 0):
 garbage-first heap   total 92160K, used 6403K [0x00000000a6400000, 0x0000000100000000)
  region size 1024K, 2 young (2048K), 2 survivors (2048K)
 Metaspace       used 9535K, capacity 9762K, committed 9984K, reserved 1058816K
  class space    used 865K, capacity 910K, committed 1024K, reserved 1048576K
}
Event: 2,637 GC heap before
{Heap before GC invocations=1 (full 0):
 garbage-first heap   total 92160K, used 17667K [0x00000000a6400000, 0x0000000100000000)
  region size 1024K, 13 young (13312K), 2 survivors (2048K)
 Metaspace       used 12397K, capacity 12667K, committed 12928K, reserved 1060864K
  class space    used 1241K, capacity 1333K, committed 1408K, reserved 1048576K
}
Event: 2,651 GC heap after
{Heap after GC invocations=2 (full 0):
 garbage-first heap   total 92160K, used 7309K [0x00000000a6400000, 0x0000000100000000)
  region size 1024K, 1 young (1024K), 1 survivors (1024K)
 Metaspace       used 12397K, capacity 12667K, committed 12928K, reserved 1060864K
  class space    used 1241K, capacity 1333K, committed 1408K, reserved 1048576K
}
Event: 4,836 GC heap before
{Heap before GC invocations=2 (full 0):
 garbage-first heap   total 92160K, used 28813K [0x00000000a6400000, 0x0000000100000000)
  region size 1024K, 23 young (23552K), 1 survivors (1024K)
 Metaspace       used 17630K, capacity 18125K, committed 18304K, reserved 1064960K
  class space    used 1901K, capacity 2098K, committed 2176K, reserved 1048576K
}
Event: 4,868 GC heap after
{Heap after GC invocations=3 (full 0):
 garbage-first heap   total 92160K, used 8497K [0x00000000a6400000, 0x0000000100000000)
  region size 1024K, 2 young (2048K), 2 survivors (2048K)
 Metaspace       used 17630K, capacity 18125K, committed 18304K, reserved 1064960K
  class space    used 1901K, capacity 2098K, committed 2176K, reserved 1048576K
}
Event: 5,688 GC heap before
{Heap before GC invocations=3 (full 0):
 garbage-first heap   total 92160K, used 21809K [0x00000000a6400000, 0x0000000100000000)
  region size 1024K, 17 young (17408K), 2 survivors (2048K)
 Metaspace       used 20498K, capacity 21041K, committed 21296K, reserved 1069056K
  class space    used 2216K, capacity 2410K, committed 2432K, reserved 1048576K
}
Event: 5,697 GC heap after
{Heap after GC invocations=4 (full 0):
 garbage-first heap   total 92160K, used 9090K [0x00000000a6400000, 0x0000000100000000)
  region size 1024K, 3 young (3072K), 3 survivors (3072K)
 Metaspace       used 20498K, capacity 21041K, committed 21296K, reserved 1069056K
  class space    used 2216K, capacity 2410K, committed 2432K, reserved 1048576K
}

